
 N E X T F L O W   ~  version 24.04.3

Launching `main.nf` [reverent_turing] DSL2 - revision: dfadd58de4

WARN: NEXTFLOW RECURSION IS A PREVIEW FEATURE - SYNTAX AND FUNCTIONALITY CAN CHANGE IN FUTURE RELEASES

========================================================================
M Y C O B A C T E R I A L  P I P E L I N E

Parameters used:
------------------------------------------------------------------------
--input_dir             /home/ubuntu/magma/lodestone/double_pass_test/
--filetype              fastq
--pattern               *{1,2}.fastq.gz
--output_dir            ./outputs/double_pass
--unmix_myco            no
--kraken_db             /home/ubuntu/magma/data/kraken2_pluspf16/
--bowtie2_index         /home/ubuntu/magma/data/hg19_1kgmaj_bt2
--bowtie_index_name     hg19_1kgmaj
--resistance_profiler   tb-profiler
--species               null
--vcfmix                yes
--afanc_myco_db         /home/ubuntu/magma/data/Mycobacteriaciae_DB_7.0/

Runtime data:
------------------------------------------------------------------------
Running with profile  singularity
Running as user       ubuntu
Launch directory      /home/ubuntu/magma/lodestone

[-        ] getversion -

[-        ] getversion                    -
[-        ] preprocessing:checkFqValidity -
[-        ] preprocessing:countReads      -
[-        ] preprocessing:fastp           -
[-        ] preprocessing:fastQC          -
[-        ] preprocessing:kraken2         -
[-        ] preprocessing:mykrobe         -
[-        ] preprocessing:afanc           -

[-        ] getversion                                                -
[-        ] preprocessing:checkFqValidity                             -
[-        ] preprocessing:countReads                                  -
[-        ] preprocessing:fastp                                       -
[-        ] preprocessing:fastQC                                      -
[-        ] preprocessing:kraken2                                     -
[-        ] preprocessing:mykrobe                                     -
[-        ] preprocessing:afanc                                       -
[-        ] preprocessing:bowtie2                                     -
[-        ] preprocessing:decontaminate:identifyBacterialContaminants -
[-        ] preprocessing:decontaminate:downloadContamGenomes         -
[-        ] preprocessing:decontaminate:mapToContamFa                 -
[-        ] preprocessing:decontaminate:reKraken                      -
[-        ] preprocessing:decontaminate:reMykrobe                     -
[-        ] preprocessing:decontaminate:reAfanc                       -
[-        ] preprocessing:decontaminate:summarise                     -
ERROR ~ No such variable: Exception evaluating property 'summary_json' for nextflow.script.ChannelOut, Reason: groovy.lang.MissingPropertyException: No such property: summary_json for class: groovyx.gpars.dataflow.DataflowBroadcast

 -- Check script './workflows/preprocessing.nf' at line: 91 or see '.nextflow.log' file for more details
cannot find any reads matching *{1,2}.fastq.gz in /home/ubuntu/magma/lodestone/double_pass_test//

